PRT1
188
494
4 0 39 (4128 3072 672 ) (4096 3072 672 ) (4096 3072 312 ) (4128 3072 312 ) 
4 0 35 (4096 3072 312 ) (4096 3072 452 ) (4096 3392 452 ) (4096 3392 312 ) 
4 0 34 (4096 3072 452 ) (4096 3072 672 ) (4096 3392 672 ) (4096 3392 452 ) 
4 0 6 (4096 3648 452 ) (4096 3648 312 ) (4096 3392 312 ) (4096 3392 452 ) 
4 0 5 (4096 3392 672 ) (4096 3648 672 ) (4096 3648 452 ) (4096 3392 452 ) 
4 0 4 (4096 3648 672 ) (4096 3728 672 ) (4096 3728 312 ) (4096 3648 312 ) 
4 0 3 (4096 3728 672 ) (4096 4000 672 ) (4096 4000 312 ) (4096 3728 312 ) 
4 0 2 (4128 3648 312 ) (4128 3072 312 ) (4096 3072 312 ) (4096 3648 312 ) 
4 0 1 (4096 4000 312 ) (4128 4000 312 ) (4128 3728 312 ) (4096 3728 312 ) 
4 1 3 (4096 3728 312 ) (4096 4000 312 ) (4096 4000 33 ) (4096 3728 33 ) 
4 2 39 (4096 3072 312 ) (4096 3072 33 ) (4128 3072 33 ) (4128 3072 312 ) 
4 2 35 (4096 3072 33 ) (4096 3072 312 ) (4096 3392 312 ) (4096 3392 33 ) 
4 2 25 (4096 3648 96 ) (4096 3648 33 ) (4096 3392 33 ) (4096 3392 96 ) 
4 2 20 (4096 3648 128 ) (4096 3648 96 ) (4096 3392 96 ) (4096 3392 128 ) 
4 2 6 (4096 3392 312 ) (4096 3648 312 ) (4096 3648 128 ) (4096 3392 128 ) 
4 3 91 (3072 3728 672 ) (3072 4000 672 ) (3072 4000 33 ) (3072 3728 33 ) 
4 3 4 (4096 3728 312 ) (4096 3728 672 ) (3072 3728 672 ) (3072 3728 312 ) 
4 4 92 (3072 3648 312 ) (3072 3648 672 ) (3072 3728 672 ) (3072 3728 312 ) 
4 4 12 (3072 3648 672 ) (3072 3648 312 ) (3590 3648 312 ) (3590 3648 672 ) 
4 4 8 (3620 3648 312 ) (3630 3648 312 ) (3630 3648 672 ) (3620 3648 672 ) 
4 4 9 (3590 3648 312 ) (3620 3648 312 ) (3620 3648 672 ) (3590 3648 672 ) 
4 4 7 (3630 3648 312 ) (4028 3648 312 ) (4028 3648 672 ) (3630 3648 672 ) 
4 4 6 (4092 3648 312 ) (4096 3648 312 ) (4096 3648 452 ) (4092 3648 452 ) 
4 4 5 (4096 3648 452 ) (4096 3648 672 ) (4028 3648 672 ) (4028 3648 452 ) 
4 5 34 (4096 3392 452 ) (4096 3392 672 ) (4028 3392 672 ) (4028 3392 452 ) 
4 5 7 (4028 3648 672 ) (4028 3648 452 ) (4028 3392 452 ) (4028 3392 672 ) 
4 5 6 (4096 3392 452 ) (4092 3392 452 ) (4092 3648 452 ) (4096 3648 452 ) 
4 6 35 (4096 3392 128 ) (4096 3392 452 ) (4092 3392 452 ) (4092 3392 128 ) 
4 6 20 (4096 3392 128 ) (4092 3392 128 ) (4092 3648 128 ) (4096 3648 128 ) 
4 7 36 (3820 3392 224 ) (4028 3392 224 ) (4028 3392 452 ) (3820 3392 452 ) 
4 7 34 (3630 3392 672 ) (3630 3392 452 ) (4028 3392 452 ) (4028 3392 672 ) 
4 7 8 (3630 3648 672 ) (3630 3648 224 ) (3630 3392 224 ) (3630 3392 672 ) 
4 8 34 (3630 3392 452 ) (3630 3392 672 ) (3620 3392 672 ) (3620 3392 452 ) 
4 8 9 (3620 3392 216 ) (3620 3392 672 ) (3620 3648 672 ) (3620 3648 216 ) 
4 9 34 (3590 3392 672 ) (3590 3392 452 ) (3620 3392 452 ) (3620 3392 672 ) 
4 9 12 (3590 3648 672 ) (3590 3648 208 ) (3590 3392 208 ) (3590 3392 672 ) 
4 9 10 (3590 3392 208 ) (3590 3648 208 ) (3610 3648 208 ) (3610 3392 208 ) 
4 10 12 (3590 3648 208 ) (3590 3648 200 ) (3590 3392 200 ) (3590 3392 208 ) 
4 10 11 (3590 3392 200 ) (3590 3648 200 ) (3600 3648 200 ) (3600 3392 200 ) 
4 11 12 (3590 3648 200 ) (3590 3648 192 ) (3590 3392 192 ) (3590 3392 200 ) 
4 12 100 (3072 3392 184 ) (3072 3392 440 ) (3072 3648 440 ) (3072 3648 184 ) 
4 12 99 (3072 3392 440 ) (3072 3392 672 ) (3072 3648 672 ) (3072 3648 440 ) 
4 12 38 (3072 3392 452 ) (3072 3392 440 ) (3076 3392 440 ) (3076 3392 452 ) 
4 12 37 (3076 3392 184 ) (3292 3392 184 ) (3292 3392 452 ) (3076 3392 452 ) 
4 12 34 (3072 3392 672 ) (3072 3392 452 ) (3590 3392 452 ) (3590 3392 672 ) 
4 12 13 (3072 3648 184 ) (3580 3648 184 ) (3580 3392 184 ) (3072 3392 184 ) 
4 13 100 (3072 3392 176 ) (3072 3392 184 ) (3072 3648 184 ) (3072 3648 176 ) 
4 13 37 (3076 3392 176 ) (3292 3392 176 ) (3292 3392 184 ) (3076 3392 184 ) 
4 13 14 (3560 3648 176 ) (3570 3648 176 ) (3570 3392 176 ) (3560 3392 176 ) 
4 13 15 (3072 3648 176 ) (3560 3648 176 ) (3560 3392 176 ) (3072 3392 176 ) 
4 14 15 (3560 3392 168 ) (3560 3392 176 ) (3560 3648 176 ) (3560 3648 168 ) 
4 15 100 (3072 3392 160 ) (3072 3392 176 ) (3072 3648 176 ) (3072 3648 160 ) 
4 15 37 (3076 3392 160 ) (3292 3392 160 ) (3292 3392 176 ) (3076 3392 176 ) 
4 15 16 (3540 3648 160 ) (3550 3648 160 ) (3550 3392 160 ) (3540 3392 160 ) 
4 15 17 (3072 3648 160 ) (3540 3648 160 ) (3540 3392 160 ) (3072 3392 160 ) 
4 16 17 (3540 3392 152 ) (3540 3392 160 ) (3540 3648 160 ) (3540 3648 152 ) 
4 17 100 (3072 3392 144 ) (3072 3392 160 ) (3072 3648 160 ) (3072 3648 144 ) 
4 17 37 (3076 3392 144 ) (3292 3392 144 ) (3292 3392 160 ) (3076 3392 160 ) 
4 17 18 (3520 3648 144 ) (3530 3648 144 ) (3530 3392 144 ) (3520 3392 144 ) 
4 17 19 (3072 3648 144 ) (3520 3648 144 ) (3520 3392 144 ) (3072 3392 144 ) 
4 18 19 (3520 3392 136 ) (3520 3392 144 ) (3520 3648 144 ) (3520 3648 136 ) 
4 19 100 (3072 3392 128 ) (3072 3392 144 ) (3072 3648 144 ) (3072 3648 128 ) 
4 19 37 (3076 3392 128 ) (3292 3392 128 ) (3292 3392 144 ) (3076 3392 144 ) 
4 19 29 (3440 3392 128 ) (3430 3392 128 ) (3430 3648 128 ) (3440 3648 128 ) 
4 19 30 (3430 3392 128 ) (3072 3392 128 ) (3072 3648 128 ) (3430 3648 128 ) 
4 19 28 (3450 3392 128 ) (3440 3392 128 ) (3440 3648 128 ) (3450 3648 128 ) 
4 19 26 (3470 3392 128 ) (3460 3392 128 ) (3460 3648 128 ) (3470 3648 128 ) 
4 19 27 (3460 3392 128 ) (3450 3392 128 ) (3450 3648 128 ) (3460 3648 128 ) 
4 19 22 (3500 3392 128 ) (3490 3392 128 ) (3490 3648 128 ) (3500 3648 128 ) 
4 19 23 (3490 3392 128 ) (3470 3392 128 ) (3470 3648 128 ) (3490 3648 128 ) 
4 19 21 (3510 3392 128 ) (3500 3392 128 ) (3500 3648 128 ) (3510 3648 128 ) 
4 20 35 (4096 3392 96 ) (4096 3392 128 ) (4092 3392 128 ) (4092 3392 96 ) 
4 20 25 (4096 3392 96 ) (4092 3392 96 ) (4092 3648 96 ) (4096 3648 96 ) 
4 21 22 (3500 3392 120 ) (3500 3392 128 ) (3500 3648 128 ) (3500 3648 120 ) 
4 22 23 (3490 3392 112 ) (3490 3392 128 ) (3490 3648 128 ) (3490 3648 112 ) 
4 23 26 (3470 3392 104 ) (3470 3392 128 ) (3470 3648 128 ) (3470 3648 104 ) 
4 23 24 (3470 3392 104 ) (3470 3648 104 ) (3480 3648 104 ) (3480 3392 104 ) 
4 24 26 (3470 3392 96 ) (3470 3392 104 ) (3470 3648 104 ) (3470 3648 96 ) 
4 25 35 (4096 3392 33 ) (4096 3392 96 ) (4092 3392 96 ) (4092 3392 33 ) 
4 26 27 (3460 3392 88 ) (3460 3392 128 ) (3460 3648 128 ) (3460 3648 88 ) 
4 27 28 (3450 3392 80 ) (3450 3392 128 ) (3450 3648 128 ) (3450 3648 80 ) 
4 28 29 (3440 3392 72 ) (3440 3392 128 ) (3440 3648 128 ) (3440 3648 72 ) 
4 29 30 (3430 3392 64 ) (3430 3392 128 ) (3430 3648 128 ) (3430 3648 64 ) 
4 30 100 (3072 3392 56 ) (3072 3392 128 ) (3072 3648 128 ) (3072 3648 56 ) 
4 30 37 (3292 3392 128 ) (3076 3392 128 ) (3076 3392 56 ) (3292 3392 56 ) 
4 30 31 (3072 3648 56 ) (3420 3648 56 ) (3420 3392 56 ) (3072 3392 56 ) 
4 31 100 (3072 3392 48 ) (3072 3392 56 ) (3072 3648 56 ) (3072 3648 48 ) 
4 31 37 (3076 3392 48 ) (3292 3392 48 ) (3292 3392 56 ) (3076 3392 56 ) 
4 31 32 (3400 3648 48 ) (3410 3648 48 ) (3410 3392 48 ) (3400 3392 48 ) 
4 31 33 (3072 3648 48 ) (3400 3648 48 ) (3400 3392 48 ) (3072 3392 48 ) 
4 32 33 (3400 3392 40 ) (3400 3392 48 ) (3400 3648 48 ) (3400 3648 40 ) 
4 33 100 (3072 3392 33 ) (3072 3392 48 ) (3072 3648 48 ) (3072 3648 33 ) 
4 33 37 (3292 3392 48 ) (3076 3392 48 ) (3076 3392 33 ) (3292 3392 33 ) 
4 34 99 (3072 3072 452 ) (3072 3072 672 ) (3072 3392 672 ) (3072 3392 452 ) 
4 34 74 (3072 3072 672 ) (3072 3072 452 ) (3080.030029 3072 452 ) (3080.030029 3072 672 ) 
4 34 49 (3080.030029 3072 452 ) (3292 3072 452 ) (3292 3072 630.130005 ) (3080.030029 3072 630.130005 ) 
4 34 48 (3292 3072 630.130005 ) (3292 3072 672 ) (3080.030029 3072 672 ) (3080.030029 3072 630.130005 ) 
4 34 40 (3292 3072 452 ) (4096 3072 452 ) (4096 3072 672 ) (3292 3072 672 ) 
4 34 38 (3072 3392 452 ) (3076 3392 452 ) (3076 3072 452 ) (3072 3072 452 ) 
4 34 36 (3820 3392 452 ) (4028 3392 452 ) (4028 3072 452 ) (3820 3072 452 ) 
4 34 37 (3076 3392 452 ) (3292 3392 452 ) (3292 3072 452 ) (3076 3072 452 ) 
4 34 35 (4092 3392 452 ) (4096 3392 452 ) (4096 3072 452 ) (4092 3072 452 ) 
4 35 41 (4096 3072 33 ) (4096 3072 452 ) (4092 3072 452 ) (4092 3072 33 ) 
4 36 42 (4028 3072 224 ) (4028 3072 452 ) (3820 3072 452 ) (3820 3072 224 ) 
4 37 75 (3076 3072 33 ) (3080.030029 3072 33 ) (3080.030029 3072 440 ) (3076 3072 440 ) 
4 37 74 (3080.030029 3072 440 ) (3080.030029 3072 452 ) (3076 3072 452 ) (3076 3072 440 ) 
4 37 73 (3080.030029 3072 33 ) (3292 3072 33 ) (3292 3072 41 ) (3080.030029 3072 41 ) 
4 37 72 (3292 3072 41 ) (3292 3072 49 ) (3080.030029 3072 49 ) (3080.030029 3072 41 ) 
4 37 70 (3292 3072 49 ) (3292 3072 65 ) (3080.030029 3072 65 ) (3080.030029 3072 49 ) 
4 37 66 (3292 3072 65 ) (3292 3072 81 ) (3080.030029 3072 81 ) (3080.030029 3072 65 ) 
4 37 63 (3292 3072 81 ) (3292 3072 121 ) (3080.030029 3072 121 ) (3080.030029 3072 81 ) 
4 37 60 (3292 3072 121 ) (3292 3072 129 ) (3080.030029 3072 129 ) (3080.030029 3072 121 ) 
4 37 59 (3292 3072 129 ) (3292 3072 137 ) (3080.030029 3072 137 ) (3080.030029 3072 129 ) 
4 37 56 (3292 3072 137 ) (3292 3072 177 ) (3080.030029 3072 177 ) (3080.030029 3072 137 ) 
4 37 55 (3292 3072 177 ) (3292 3072 185 ) (3080.030029 3072 185 ) (3080.030029 3072 177 ) 
4 37 53 (3292 3072 185 ) (3292 3072 201 ) (3080.030029 3072 201 ) (3080.030029 3072 185 ) 
4 37 49 (3292 3072 201 ) (3292 3072 452 ) (3080.030029 3072 452 ) (3080.030029 3072 201 ) 
4 37 38 (3076 3072 440 ) (3076 3072 452 ) (3076 3392 452 ) (3076 3392 440 ) 
4 38 99 (3072 3072 440 ) (3072 3072 452 ) (3072 3392 452 ) (3072 3392 440 ) 
4 38 74 (3072 3072 452 ) (3072 3072 440 ) (3076 3072 440 ) (3076 3072 452 ) 
4 39 78 (4128 2048 672 ) (4096 2048 672 ) (4096 2048 33 ) (4128 2048 33 ) 
4 39 47 (4096 2268 33 ) (4096 2048 33 ) (4096 2048 225 ) (4096 2268 225 ) 
4 39 44 (4096 2048 225 ) (4096 2048 630.130005 ) (4096 2268 630.130005 ) (4096 2268 225 ) 
4 39 43 (4096 2048 630.130005 ) (4096 2048 672 ) (4096 2268 672 ) (4096 2268 630.130005 ) 
4 39 41 (4096 3072 452 ) (4096 3072 33 ) (4096 2268 33 ) (4096 2268 452 ) 
4 39 40 (4096 3072 672 ) (4096 3072 452 ) (4096 2268 452 ) (4096 2268 672 ) 
4 40 49 (3292 3072 630.130005 ) (3292 3072 452 ) (3292 2268 452 ) (3292 2268 630.130005 ) 
4 40 48 (3292 3072 672 ) (3292 3072 630.130005 ) (3292 2268 630.130005 ) (3292 2268 672 ) 
4 40 44 (4092 2268 452 ) (4096 2268 452 ) (4096 2268 630.130005 ) (4092 2268 630.130005 ) 
4 40 43 (4092 2268 630.130005 ) (4096 2268 630.130005 ) (4096 2268 672 ) (4092 2268 672 ) 
4 40 42 (4028 2268 452 ) (3820 2268 452 ) (3820 3072 452 ) (4028 3072 452 ) 
4 40 41 (4096 2268 452 ) (4092 2268 452 ) (4092 3072 452 ) (4096 3072 452 ) 
4 41 47 (4096 2268 33 ) (4096 2268 225 ) (4092 2268 225 ) (4092 2268 33 ) 
4 41 44 (4096 2268 225 ) (4096 2268 452 ) (4092 2268 452 ) (4092 2268 225 ) 
4 43 79 (4096 2048 630.130005 ) (4096 2048 672 ) (4092 2048 672 ) (4092 2048 630.130005 ) 
4 43 44 (4092 2268 630.130005 ) (4096 2268 630.130005 ) (4096 2048 630.130005 ) (4092 2048 630.130005 ) 
4 44 80 (4096 2048 225 ) (4096 2048 630.130005 ) (4092 2048 630.130005 ) (4092 2048 225 ) 
4 44 47 (4096 2048 225 ) (4092 2048 225 ) (4092 2268 225 ) (4096 2268 225 ) 
4 45 81 (4023.970215 2048 630.130005 ) (3292 2048 630.130005 ) (3292 2048 293 ) (4023.970215 2048 293 ) 
4 45 52 (3292 2048 293 ) (3292 2048 630.130005 ) (3292 2058 630.130005 ) (3292 2058 293 ) 
4 45 51 (3292 2058 630.130005 ) (3292 2204 630.130005 ) (3292 2204 293 ) (3292 2058 293 ) 
4 45 46 (3292 2048 293 ) (3292 2204 293 ) (4023.970215 2204 293 ) (4023.970215 2048 293 ) 
4 46 81 (3292 2048 293 ) (3292 2048 225 ) (4023.970215 2048 225 ) (4023.970215 2048 293 ) 
4 46 52 (3292 2048 225 ) (3292 2048 293 ) (3292 2058 293 ) (3292 2058 225 ) 
4 46 51 (3292 2058 293 ) (3292 2204 293 ) (3292 2204 225 ) (3292 2058 225 ) 
4 47 83 (4096 2048 33 ) (4096 2048 225 ) (4092 2048 225 ) (4092 2048 33 ) 
4 48 74 (3080.030029 2268 672 ) (3080.030029 3072 672 ) (3080.030029 3072 630.130005 ) (3080.030029 2268 630.130005 ) 
4 48 49 (3080.030029 2268 630.130005 ) (3080.030029 3072 630.130005 ) (3292 3072 630.130005 ) (3292 2268 630.130005 ) 
4 49 75 (3080.030029 3072 440 ) (3080.030029 3072 201 ) (3080.030029 2268 201 ) (3080.030029 2268 440 ) 
4 49 74 (3080.030029 2268 630.130005 ) (3080.030029 3072 630.130005 ) (3080.030029 3072 440 ) (3080.030029 2268 440 ) 
4 49 53 (3080.030029 2268 201 ) (3080.030029 3072 201 ) (3292 3072 201 ) (3292 2268 201 ) 
4 49 50 (3080.030029 2268 201 ) (3292 2268 201 ) (3292 2268 293 ) (3080.030029 2268 293 ) 
4 50 77 (3080.030029 2268 293 ) (3080.030029 2268 225 ) (3080.030029 2204 225 ) (3080.030029 2204 293 ) 
4 50 53 (3080.030029 2204 201 ) (3080.030029 2268 201 ) (3292 2268 201 ) (3292 2204 201 ) 
4 50 51 (3080.030029 2204 201 ) (3292 2204 201 ) (3292 2204 293 ) (3080.030029 2204 293 ) 
4 51 54 (3080.030029 2068 201 ) (3080.030029 2078 201 ) (3292 2078 201 ) (3292 2068 201 ) 
4 51 53 (3080.030029 2078 201 ) (3080.030029 2204 201 ) (3292 2204 201 ) (3292 2078 201 ) 
4 51 52 (3292 2058 209 ) (3292 2058 630.130005 ) (3080.030029 2058 630.130005 ) (3080.030029 2058 209 ) 
4 52 85 (3292 2048 217 ) (3292 2048 225 ) (3080.030029 2048 225 ) (3080.030029 2048 217 ) 
4 52 81 (3292 2048 225 ) (3292 2048 630.130005 ) (3080.030029 2048 630.130005 ) (3080.030029 2048 225 ) 
4 53 75 (3080.030029 2268 201 ) (3080.030029 3072 201 ) (3080.030029 3072 185 ) (3080.030029 2268 185 ) 
4 53 55 (3080.030029 2088 185 ) (3080.030029 3072 185 ) (3292 3072 185 ) (3292 2088 185 ) 
4 53 54 (3292 2078 193 ) (3292 2078 201 ) (3080.030029 2078 201 ) (3080.030029 2078 193 ) 
4 55 75 (3080.030029 2268 185 ) (3080.030029 3072 185 ) (3080.030029 3072 177 ) (3080.030029 2268 177 ) 
4 55 62 (3080.030029 2098 177 ) (3080.030029 2108 177 ) (3292 2108 177 ) (3292 2098 177 ) 
4 55 61 (3080.030029 2108 177 ) (3080.030029 2118 177 ) (3292 2118 177 ) (3292 2108 177 ) 
4 55 58 (3080.030029 2118 177 ) (3080.030029 2128 177 ) (3292 2128 177 ) (3292 2118 177 ) 
4 55 57 (3080.030029 2128 177 ) (3080.030029 2138 177 ) (3292 2138 177 ) (3292 2128 177 ) 
4 55 56 (3080.030029 2138 177 ) (3080.030029 3072 177 ) (3292 3072 177 ) (3292 2138 177 ) 
4 56 75 (3080.030029 2268 177 ) (3080.030029 3072 177 ) (3080.030029 3072 137 ) (3080.030029 2268 137 ) 
4 56 59 (3080.030029 2148 137 ) (3080.030029 3072 137 ) (3292 3072 137 ) (3292 2148 137 ) 
4 56 57 (3292 2138 145 ) (3292 2138 177 ) (3080.030029 2138 177 ) (3080.030029 2138 145 ) 
4 57 58 (3292 2128 153 ) (3292 2128 177 ) (3080.030029 2128 177 ) (3080.030029 2128 153 ) 
4 58 61 (3292 2118 161 ) (3292 2118 177 ) (3080.030029 2118 177 ) (3080.030029 2118 161 ) 
4 59 75 (3080.030029 3072 137 ) (3080.030029 3072 129 ) (3080.030029 2268 129 ) (3080.030029 2268 137 ) 
4 59 60 (3080.030029 2158 129 ) (3080.030029 3072 129 ) (3292 3072 129 ) (3292 2158 129 ) 
4 60 75 (3080.030029 3072 129 ) (3080.030029 3072 121 ) (3080.030029 2268 121 ) (3080.030029 2268 129 ) 
4 60 69 (3080.030029 2168 121 ) (3080.030029 2178 121 ) (3292 2178 121 ) (3292 2168 121 ) 
4 60 68 (3080.030029 2178 121 ) (3080.030029 2188 121 ) (3292 2188 121 ) (3292 2178 121 ) 
4 60 65 (3080.030029 2188 121 ) (3080.030029 2198 121 ) (3292 2198 121 ) (3292 2188 121 ) 
4 60 64 (3080.030029 2198 121 ) (3080.030029 2208 121 ) (3292 2208 121 ) (3292 2198 121 ) 
4 60 63 (3080.030029 2208 121 ) (3080.030029 3072 121 ) (3292 3072 121 ) (3292 2208 121 ) 
4 61 62 (3292 2108 169 ) (3292 2108 177 ) (3080.030029 2108 177 ) (3080.030029 2108 169 ) 
4 63 75 (3080.030029 2268 121 ) (3080.030029 3072 121 ) (3080.030029 3072 81 ) (3080.030029 2268 81 ) 
4 63 67 (3080.030029 2218 81 ) (3080.030029 2228 81 ) (3292 2228 81 ) (3292 2218 81 ) 
4 63 66 (3080.030029 2228 81 ) (3080.030029 3072 81 ) (3292 3072 81 ) (3292 2228 81 ) 
4 63 64 (3292 2208 89 ) (3292 2208 121 ) (3080.030029 2208 121 ) (3080.030029 2208 89 ) 
4 64 65 (3292 2198 97 ) (3292 2198 121 ) (3080.030029 2198 121 ) (3080.030029 2198 97 ) 
4 65 68 (3292 2188 105 ) (3292 2188 121 ) (3080.030029 2188 121 ) (3080.030029 2188 105 ) 
4 66 75 (3080.030029 3072 81 ) (3080.030029 3072 65 ) (3080.030029 2268 65 ) (3080.030029 2268 81 ) 
4 66 71 (3080.030029 2238 65 ) (3080.030029 2248 65 ) (3292 2248 65 ) (3292 2238 65 ) 
4 66 70 (3080.030029 2248 65 ) (3080.030029 3072 65 ) (3292 3072 65 ) (3292 2248 65 ) 
4 66 67 (3292 2228 73 ) (3292 2228 81 ) (3080.030029 2228 81 ) (3080.030029 2228 73 ) 
4 68 69 (3292 2178 113 ) (3292 2178 121 ) (3080.030029 2178 121 ) (3080.030029 2178 113 ) 
4 70 75 (3080.030029 2268 65 ) (3080.030029 3072 65 ) (3080.030029 3072 49 ) (3080.030029 2268 49 ) 
4 70 72 (3080.030029 2258 49 ) (3080.030029 3072 49 ) (3292 3072 49 ) (3292 2258 49 ) 
4 70 71 (3292 2248 57 ) (3292 2248 65 ) (3080.030029 2248 65 ) (3080.030029 2248 57 ) 
4 72 75 (3080.030029 2268 49 ) (3080.030029 3072 49 ) (3080.030029 3072 41 ) (3080.030029 2268 41 ) 
4 72 73 (3080.030029 2268 41 ) (3080.030029 3072 41 ) (3292 3072 41 ) (3292 2268 41 ) 
4 73 75 (3080.030029 2268 41 ) (3080.030029 3072 41 ) (3080.030029 3072 33 ) (3080.030029 2268 33 ) 
4 74 119 (3072 3072 672 ) (3072 3072 440 ) (3072 2268 440 ) (3072 2268 672 ) 
4 74 76 (3072 2768 440 ) (3072 2923 440 ) (3076 2923 440 ) (3076 2768 440 ) 
4 74 75 (3080.030029 2268 440 ) (3076 2268 440 ) (3076 3072 440 ) (3080.030029 3072 440 ) 
4 75 77 (3080.030029 2268 225 ) (3080.030029 2268 293 ) (3076 2268 293 ) (3076 2268 225 ) 
4 75 76 (3076 2923 33 ) (3076 2768 33 ) (3076 2768 440 ) (3076 2923 440 ) 
4 76 120 (3072 2923 33 ) (3072 2768 33 ) (3072 2768 440 ) (3072 2923 440 ) 
4 78 89 (4128 1024 672 ) (4096 1024 672 ) (4096 1024 33 ) (4128 1024 33 ) 
4 78 83 (4096 2048 225 ) (4096 2048 33 ) (4096 1024 33 ) (4096 1024 225 ) 
4 78 82 (4096 1189 225 ) (4096 1024 225 ) (4096 1024 672 ) (4096 1189 672 ) 
4 78 80 (4096 2048 630.130005 ) (4096 2048 225 ) (4096 1189 225 ) (4096 1189 630.130005 ) 
4 78 79 (4096 2048 672 ) (4096 2048 630.130005 ) (4096 1189 630.130005 ) (4096 1189 672 ) 
4 79 82 (4092 1189 630.130005 ) (4096 1189 630.130005 ) (4096 1189 672 ) (4092 1189 672 ) 
4 79 80 (4096 1189 630.130005 ) (4092 1189 630.130005 ) (4092 2048 630.130005 ) (4096 2048 630.130005 ) 
4 80 83 (4092 2048 225 ) (4096 2048 225 ) (4096 1189 225 ) (4092 1189 225 ) 
4 80 82 (4092 1189 225 ) (4096 1189 225 ) (4096 1189 630.130005 ) (4092 1189 630.130005 ) 
4 81 85 (3080.030029 2048 225 ) (3292 2048 225 ) (3292 2038 225 ) (3080.030029 2038 225 ) 
4 82 162 (3072 1024 225 ) (3072 1024 293 ) (3072 1189 293 ) (3072 1189 225 ) 
4 82 160 (3072 1024 293 ) (3072 1024 630.130005 ) (3072 1189 630.130005 ) (3072 1189 293 ) 
4 82 158 (3072 1024 630.130005 ) (3072 1024 672 ) (3072 1189 672 ) (3072 1189 630.130005 ) 
4 82 90 (3072 1024 672 ) (3072 1024 225 ) (4096 1024 225 ) (4096 1024 672 ) 
4 82 88 (3072 1024 225 ) (3072 1189 225 ) (3080.030029 1189 225 ) (3080.030029 1024 225 ) 
4 82 86 (3080.030029 1189 225 ) (3292 1189 225 ) (3292 1024 225 ) (3080.030029 1024 225 ) 
4 82 84 (3292 1189 225 ) (4092 1189 225 ) (4092 1024 225 ) (3292 1024 225 ) 
4 82 83 (4092 1189 225 ) (4096 1189 225 ) (4096 1024 225 ) (4092 1024 225 ) 
4 83 90 (4096 1024 33 ) (4096 1024 225 ) (4092 1024 225 ) (4092 1024 33 ) 
4 83 84 (4092 1024 33 ) (4092 1024 225 ) (4092 1189 225 ) (4092 1189 33 ) 
4 84 90 (4092 1024 33 ) (4092 1024 225 ) (3292 1024 225 ) (3292 1024 33 ) 
4 84 87 (3292 1024 33 ) (3292 1024 217 ) (3292 1189 217 ) (3292 1189 33 ) 
4 84 86 (3292 1024 217 ) (3292 1024 225 ) (3292 1189 225 ) (3292 1189 217 ) 
4 86 90 (3292 1024 217 ) (3292 1024 225 ) (3080.030029 1024 225 ) (3080.030029 1024 217 ) 
4 86 88 (3080.030029 1024 217 ) (3080.030029 1024 225 ) (3080.030029 1189 225 ) (3080.030029 1189 217 ) 
4 86 87 (3080.030029 1024 217 ) (3080.030029 1189 217 ) (3292 1189 217 ) (3292 1024 217 ) 
4 87 90 (3292 1024 33 ) (3292 1024 217 ) (3080.030029 1024 217 ) (3080.030029 1024 33 ) 
4 87 88 (3080.030029 1024 33 ) (3080.030029 1024 217 ) (3080.030029 1189 217 ) (3080.030029 1189 33 ) 
4 88 164 (3072 1024 33 ) (3072 1024 225 ) (3072 1189 225 ) (3072 1189 33 ) 
4 88 90 (3072 1024 225 ) (3072 1024 33 ) (3080.030029 1024 33 ) (3080.030029 1024 225 ) 
4 89 90 (4096 1024 672 ) (4096 1024 33 ) (4096 96 33 ) (4096 96 672 ) 
4 90 175 (3072 96 672 ) (3072 1024 672 ) (3072 1024 33 ) (3072 96 33 ) 
4 91 94 (2240 3728 240 ) (2240 3728 672 ) (2240 3968 672 ) (2240 3968 240 ) 
4 91 93 (2240 4000 33 ) (2240 3968 33 ) (2240 3968 672 ) (2240 4000 672 ) 
4 91 92 (2240 3728 672 ) (2240 3728 312 ) (3072 3728 312 ) (3072 3728 672 ) 
4 92 100 (3072 3648 312 ) (3072 3648 440 ) (2240 3648 440 ) (2240 3648 312 ) 
4 92 99 (3072 3648 440 ) (3072 3648 672 ) (2240 3648 672 ) (2240 3648 440 ) 
4 92 94 (2240 3648 312 ) (2240 3648 672 ) (2240 3728 672 ) (2240 3728 312 ) 
4 93 95 (2224 4000 33 ) (2224 3968 33 ) (2224 3968 672 ) (2224 4000 672 ) 
4 93 94 (2240 3968 240 ) (2240 3968 672 ) (2224 3968 672 ) (2224 3968 240 ) 
4 94 100 (2240 3648 240 ) (2240 3648 440 ) (2224 3648 440 ) (2224 3648 240 ) 
4 94 99 (2240 3648 440 ) (2240 3648 672 ) (2224 3648 672 ) (2224 3648 440 ) 
4 94 98 (2224 3648 240 ) (2224 3648 672 ) (2224 3664 672 ) (2224 3664 240 ) 
4 94 96 (2224 3952 672 ) (2224 3968 672 ) (2224 3968 240 ) (2224 3952 240 ) 
4 94 97 (2224 3664 672 ) (2224 3952 672 ) (2224 3952 240 ) (2224 3664 240 ) 
4 95 101 (2048 4000 33 ) (2048 3968 33 ) (2048 3968 672 ) (2048 4000 672 ) 
4 95 96 (2224 3968 240 ) (2224 3968 672 ) (2048 3968 672 ) (2048 3968 240 ) 
4 96 102 (2048 3952 240 ) (2048 3952 672 ) (2048 3968 672 ) (2048 3968 240 ) 
4 96 97 (2224 3952 240 ) (2224 3952 672 ) (2048 3952 672 ) (2048 3952 240 ) 
4 97 103 (2048 3952 33 ) (2048 3664 33 ) (2048 3664 672 ) (2048 3952 672 ) 
4 97 98 (2224 3664 240 ) (2224 3664 672 ) (2048 3664 672 ) (2048 3664 240 ) 
4 98 104 (2048 3648 240 ) (2048 3648 672 ) (2048 3664 672 ) (2048 3664 240 ) 
4 98 100 (2048 3648 440 ) (2048 3648 240 ) (2224 3648 240 ) (2224 3648 440 ) 
4 98 99 (2048 3648 672 ) (2048 3648 440 ) (2224 3648 440 ) (2224 3648 672 ) 
4 99 119 (3072 3072 440 ) (3072 3072 672 ) (2048 3072 672 ) (2048 3072 440 ) 
4 99 112 (2048 3072 440 ) (2048 3072 672 ) (2048 3392 672 ) (2048 3392 440 ) 
4 99 111 (2048 3392 672 ) (2048 3648 672 ) (2048 3648 440 ) (2048 3392 440 ) 
4 99 100 (2048 3392 440 ) (2048 3648 440 ) (3072 3648 440 ) (3072 3392 440 ) 
4 100 111 (2048 3648 33 ) (2048 3392 33 ) (2048 3392 440 ) (2048 3648 440 ) 
4 101 106 (1808 4000 33 ) (1808 3968 33 ) (1808 3968 672 ) (1808 4000 672 ) 
4 101 102 (1808 3968 672 ) (1808 3968 240 ) (2048 3968 240 ) (2048 3968 672 ) 
4 102 107 (1808 3952 240 ) (1808 3952 672 ) (1808 3968 672 ) (1808 3968 240 ) 
4 102 103 (1808 3952 672 ) (1808 3952 240 ) (2048 3952 240 ) (2048 3952 672 ) 
4 103 107 (1808 3664 240 ) (1808 3664 672 ) (1808 3952 672 ) (1808 3952 240 ) 
4 103 105 (1984 3664 33 ) (2048 3664 33 ) (2048 3664 144 ) (1984 3664 144 ) 
4 103 104 (1808 3664 672 ) (1808 3664 240 ) (2048 3664 240 ) (2048 3664 672 ) 
4 104 115 (1808 3648 372.286011 ) (1808 3648 240 ) (1864 3648 240 ) (1864 3648 372.286011 ) 
4 104 114 (1864 3648 240 ) (2024 3648 240 ) (2024 3648 372.286011 ) (1864 3648 372.286011 ) 
4 104 113 (2024 3648 672 ) (1808 3648 672 ) (1808 3648 372.286011 ) (2024 3648 372.286011 ) 
4 104 111 (2048 3648 240 ) (2048 3648 672 ) (2024 3648 672 ) (2024 3648 240 ) 
4 104 107 (1808 3648 240 ) (1808 3648 672 ) (1808 3664 672 ) (1808 3664 240 ) 
4 105 118 (2048 3664 33 ) (2048 3648 33 ) (1984 3648 33 ) (1984 3664 33 ) 
4 105 114 (1984 3648 33 ) (2024 3648 33 ) (2024 3648 144 ) (1984 3648 144 ) 
4 105 111 (2024 3648 33 ) (2048 3648 33 ) (2048 3648 144 ) (2024 3648 144 ) 
4 106 108 (1792 4000 33 ) (1792 3968 33 ) (1792 3968 672 ) (1792 4000 672 ) 
4 106 107 (1792 3968 672 ) (1792 3968 240 ) (1808 3968 240 ) (1808 3968 672 ) 
4 107 115 (1808 3648 240 ) (1808 3648 372.286011 ) (1792 3648 372.286011 ) (1792 3648 240 ) 
4 107 113 (1808 3648 372.286011 ) (1808 3648 672 ) (1792 3648 672 ) (1792 3648 372.286011 ) 
4 107 110 (1792 3648 240 ) (1792 3648 372.286011 ) (1792 3649.600098 372.286011 ) (1792 3649.600098 240 ) 
4 107 109 (1792 3648 372.286011 ) (1792 3648 672 ) (1792 3880 672 ) (1792 3880 372.286011 ) 
4 107 108 (1792 3880 672 ) (1792 3968 672 ) (1792 3968 240 ) (1792 3880 240 ) 
4 108 138 (1024 4000 372.286011 ) (1024 4000 33 ) (1024 3880 33 ) (1024 3880 372.286011 ) 
4 108 137 (1024 3880 672 ) (1024 4000 672 ) (1024 4000 372.286011 ) (1024 3880 372.286011 ) 
4 108 109 (1792 3880 372.286011 ) (1792 3880 672 ) (1024 3880 672 ) (1024 3880 372.286011 ) 
4 109 137 (1024 3648 672 ) (1024 3880 672 ) (1024 3880 372.286011 ) (1024 3648 372.286011 ) 
4 109 113 (1792 3648 372.286011 ) (1792 3648 672 ) (1024 3648 672 ) (1024 3648 372.286011 ) 
3 109 110 (1792 3649.600098 372.286011 ) (1792 3648 372.286011 ) (1790.106689 3648 372.286011 ) 
4 110 117 (1790.106689 3648 33 ) (1792 3648 33 ) (1792 3648 372.286011 ) (1790.106689 3648 372.286011 ) 
4 111 114 (2024 3648 372.286011 ) (2024 3648 33 ) (2024 3392 33 ) (2024 3392 372.286011 ) 
4 111 113 (2024 3648 672 ) (2024 3648 372.286011 ) (2024 3392 372.286011 ) (2024 3392 672 ) 
4 111 112 (2024 3392 672 ) (2024 3392 440 ) (2048 3392 440 ) (2048 3392 672 ) 
4 112 125 (2048 3072 440 ) (2048 3072 672 ) (2024 3072 672 ) (2024 3072 440 ) 
4 112 113 (2024 3072 440 ) (2024 3072 672 ) (2024 3392 672 ) (2024 3392 440 ) 
4 113 137 (1024 3072 372.286011 ) (1024 3072 672 ) (1024 3648 672 ) (1024 3648 372.286011 ) 
4 113 130 (1024 3072 672 ) (1024 3072 372.286011 ) (1792 3072 372.286011 ) (1792 3072 672 ) 
4 113 128 (1792 3072 372.286011 ) (1864 3072 372.286011 ) (1864 3072 440 ) (1792 3072 440 ) 
4 113 127 (1864 3072 372.286011 ) (2024 3072 372.286011 ) (2024 3072 440 ) (1864 3072 440 ) 
4 113 125 (2024 3072 440 ) (2024 3072 672 ) (1792 3072 672 ) (1792 3072 440 ) 
6 113 117 (1790.106689 3648 372.286011 ) (1792 3648 372.286011 ) (1792 3444.800049 372.286011 ) (1465.049438 3168.210693 372.286011 ) (1348.912109 3072 372.286011 ) (1108.579712 3072 372.286011 ) 
3 113 116 (1351.320801 3072 372.286011 ) (1348.912109 3072 372.286011 ) (1465.049438 3168.210693 372.286011 ) 
4 113 115 (1792 3648 372.286011 ) (1864 3648 372.286011 ) (1864 3499 372.286011 ) (1792 3439 372.286011 ) 
4 113 114 (1864 3648 372.286011 ) (2024 3648 372.286011 ) (2024 3072 372.286011 ) (1864 3072 372.286011 ) 
4 114 127 (1864 3072 33 ) (2024 3072 33 ) (2024 3072 372.286011 ) (1864 3072 372.286011 ) 
4 114 115 (1864 3499 372.286011 ) (1864 3648 372.286011 ) (1864 3648 33 ) (1864 3499 33 ) 
5 115 117 (1792 3444.800049 372.286011 ) (1792 3648 372.286011 ) (1792 3648 33 ) (1792 3545.610840 33 ) (1792 3444.800049 47.845337 ) 
4 116 132 (1348.912109 3072 33 ) (1351.320801 3072 33 ) (1351.320801 3072 152.878311 ) (1348.912109 3072 153.152252 ) 
4 116 131 (1351.320801 3072 152.878311 ) (1351.320801 3072 372.286011 ) (1348.912109 3072 372.286011 ) (1348.912109 3072 153.152252 ) 
4 116 117 (1348.913208 3072 153.152191 ) (1348.912598 3072 372.286011 ) (1465.021973 3168.187256 372.286011 ) (1465.002930 3168.171143 125.782959 ) 
4 117 131 (1108.579712 3072 180.494095 ) (1348.912109 3072 153.152267 ) (1348.912109 3072 372.286011 ) (1108.579712 3072 372.286011 ) 
4 119 125 (2048 3072 672 ) (2048 3072 440 ) (2048 2268 440 ) (2048 2268 672 ) 
4 119 124 (2048 2268 672 ) (2048 2268 440 ) (3012 2268 440 ) (3012 2268 672 ) 
4 119 123 (2718 2268 440 ) (2465 2268 440 ) (2465 2670 440 ) (2718 2670 440 ) 
3 119 122 (2718 2922.600342 440 ) (2718 2670 440 ) (2465.389648 2670 440 ) 
3 119 121 (2718 2703.395508 440 ) (2718 2768 440 ) (2782.602051 2768 440 ) 
4 119 120 (2718 2768 440 ) (2718 2923 440 ) (3072 2923 440 ) (3072 2768 440 ) 
4 120 122 (2718 2922.600098 33 ) (2718 2768 33 ) (2718 2768 440 ) (2718 2922.600098 440 ) 
4 120 121 (2718 2768 440 ) (2718 2768 33 ) (2782.602051 2768 33 ) (2782.602051 2768 440 ) 
4 121 122 (2718 2768 33 ) (2718 2703.395508 33 ) (2718 2703.395508 440 ) (2718 2768 440 ) 
4 122 123 (2465.389648 2670 33 ) (2718 2670 33 ) (2718 2670 440 ) (2465.389648 2670 440 ) 
4 123 124 (2465 2268 33 ) (2718 2268 33 ) (2718 2268 440 ) (2465 2268 440 ) 
4 124 165 (2048 2048 225 ) (2048 2048 33 ) (3012 2048 33 ) (3012 2048 225 ) 
4 124 163 (2048 2048 293 ) (2048 2048 225 ) (3012 2048 225 ) (3012 2048 293 ) 
4 124 161 (2048 2048 630.130005 ) (2048 2048 293 ) (3012 2048 293 ) (3012 2048 630.130005 ) 
4 124 159 (2048 2048 672 ) (2048 2048 630.130005 ) (3012 2048 630.130005 ) (3012 2048 672 ) 
4 124 126 (2048 2268 33 ) (2048 2048 33 ) (2048 2048 440 ) (2048 2268 440 ) 
4 124 125 (2048 2048 440 ) (2048 2048 672 ) (2048 2268 672 ) (2048 2268 440 ) 
4 125 166 (2048 2048 440 ) (2048 2048 672 ) (1792 2048 672 ) (1792 2048 440 ) 
4 125 130 (1792 3072 672 ) (1792 3072 440 ) (1792 2048 440 ) (1792 2048 672 ) 
4 125 128 (1792 2267 440 ) (1792 3072 440 ) (1864 3072 440 ) (1864 2267 440 ) 
4 125 129 (1792 2048 440 ) (1792 2267 440 ) (1864 2267 440 ) (1864 2048 440 ) 
4 125 127 (1864 3072 440 ) (2024 3072 440 ) (2024 2048 440 ) (1864 2048 440 ) 
4 125 126 (2048 2268 440 ) (2048 2048 440 ) (2024 2048 440 ) (2024 2268 440 ) 
4 126 171 (2048 2048 33 ) (2048 2048 242 ) (2024 2048 242 ) (2024 2048 33 ) 
4 126 167 (2048 2048 242 ) (2048 2048 372.286011 ) (2024 2048 372.286011 ) (2024 2048 242 ) 
4 126 166 (2048 2048 372.286011 ) (2048 2048 440 ) (2024 2048 440 ) (2024 2048 372.286011 ) 
4 126 127 (2024 2268 33 ) (2024 2048 33 ) (2024 2048 440 ) (2024 2268 440 ) 
4 127 172 (1864 2048 242 ) (1864 2048 33 ) (1984 2048 33 ) (1984 2048 242 ) 
4 127 171 (1984 2048 33 ) (2024 2048 33 ) (2024 2048 242 ) (1984 2048 242 ) 
4 127 167 (1864 2048 372.286011 ) (1864 2048 242 ) (2024 2048 242 ) (2024 2048 372.286011 ) 
4 127 166 (2024 2048 440 ) (1864 2048 440 ) (1864 2048 372.286011 ) (2024 2048 372.286011 ) 
4 127 128 (1864 2267 372.286011 ) (1864 2267 440 ) (1864 3072 440 ) (1864 3072 372.286011 ) 
4 127 129 (1864 2267 33 ) (1864 2048 33 ) (1864 2048 440 ) (1864 2267 440 ) 
4 128 130 (1792 3072 440 ) (1792 3072 372.286011 ) (1792 2267 372.286011 ) (1792 2267 440 ) 
4 128 129 (1864 2267 372.286011 ) (1864 2267 440 ) (1792 2267 440 ) (1792 2267 372.286011 ) 
4 129 172 (1792 2048 242 ) (1792 2048 33 ) (1864 2048 33 ) (1864 2048 242 ) 
4 129 167 (1792 2048 372.286011 ) (1792 2048 242 ) (1864 2048 242 ) (1864 2048 372.286011 ) 
4 129 166 (1864 2048 440 ) (1792 2048 440 ) (1792 2048 372.286011 ) (1864 2048 372.286011 ) 
4 129 135 (1792 2267 33 ) (1792 2048 33 ) (1792 2048 242 ) (1792 2267 242 ) 
4 129 133 (1792 2048 242 ) (1792 2048 372.286011 ) (1792 2267 372.286011 ) (1792 2267 242 ) 
4 129 130 (1792 2048 372.286011 ) (1792 2048 440 ) (1792 2267 440 ) (1792 2267 372.286011 ) 
4 130 166 (1024 2048 672 ) (1024 2048 372.286011 ) (1792 2048 372.286011 ) (1792 2048 672 ) 
4 130 142 (1024 2048 372.286011 ) (1024 2048 672 ) (1024 3072 672 ) (1024 3072 372.286011 ) 
4 130 134 (1024 2048 372.286011 ) (1024 2241.600098 372.286011 ) (1028 2241.600098 372.286011 ) (1028 2048 372.286011 ) 
4 130 133 (1060 2267.199951 372.286011 ) (1792 2267.199951 372.286011 ) (1792 2048 372.286011 ) (1060 2048 372.286011 ) 
4 130 131 (1024 2795.097412 372.286011 ) (1024 3000.516602 372.286011 ) (1108.579712 3072 372.286011 ) (1351.320923 3072 372.286011 ) 
4 131 148 (1024 2802.835693 372.286011 ) (1024 3000.516602 372.286011 ) (1024 3000.516602 200.643066 ) (1024 2802.835693 229.753448 ) 
4 131 147 (1024 2795.097412 372.286011 ) (1024 2802.835693 372.286011 ) (1024 2802.835693 229.753448 ) (1024 2795.097412 230.892990 ) 
4 131 132 (1024 2795.097412 230.893402 ) (1024 2802.835693 229.753860 ) (1348.912109 3072 153.152939 ) (1351.320923 3072 152.878891 ) 
4 132 147 (1024 2802.835693 33 ) (1024 2795.097412 33 ) (1024 2795.097412 230.892975 ) (1024 2802.835693 229.753433 ) 
4 133 167 (1060 2048 242 ) (1792 2048 242 ) (1792 2048 372.286011 ) (1060 2048 372.286011 ) 
4 133 135 (1060 2267.199951 242 ) (1792 2267.199951 242 ) (1792 2048 242 ) (1060 2048 242 ) 
4 134 169 (1024 2048 372.286011 ) (1024 2048 242 ) (1028 2048 242 ) (1028 2048 372.286011 ) 
4 134 154 (1024 2048 242 ) (1024 2048 372.286011 ) (1024 2241.600098 372.286011 ) (1024 2241.600098 242 ) 
4 135 172 (1060 2048 33 ) (1792 2048 33 ) (1792 2048 242 ) (1060 2048 242 ) 
4 135 136 (1060 2267.199951 50 ) (1060 2267.199951 33 ) (1060 2048 33 ) (1060 2048 50 ) 
4 136 173 (1024 2048 50 ) (1024 2048 33 ) (1060 2048 33 ) (1060 2048 50 ) 
4 136 156 (1024 2048 33 ) (1024 2048 50 ) (1024 2267.199951 50 ) (1024 2267.199951 33 ) 
4 137 142 (1024 3072 372.286011 ) (1024 3072 672 ) (96 3072 672 ) (96 3072 372.286011 ) 
4 137 141 (96 3072 372.286011 ) (96 4000 372.286011 ) (144 4000 372.286011 ) (144 3072 372.286011 ) 
4 137 140 (144 4000 372.286011 ) (576 4000 372.286011 ) (576 3880 372.286011 ) (144 3880 372.286011 ) 
4 137 139 (576 4000 372.286011 ) (784 4000 372.286011 ) (784 3880 372.286011 ) (576 3880 372.286011 ) 
4 137 138 (784 4000 372.286011 ) (1024 4000 372.286011 ) (1024 3880 372.286011 ) (784 3880 372.286011 ) 
4 138 139 (784 3880 33 ) (784 3880 372.286011 ) (784 4000 372.286011 ) (784 4000 33 ) 
4 139 140 (576 3880 33 ) (576 3880 372.286011 ) (576 4000 372.286011 ) (576 4000 33 ) 
4 140 141 (144 4000 372.286011 ) (144 4000 33 ) (144 3880 33 ) (144 3880 372.286011 ) 
4 141 152 (144 3072 372.286011 ) (96 3072 372.286011 ) (96 3072 33 ) (144 3072 33 ) 
4 142 182 (160 2048 672 ) (96 2048 672 ) (96 2048 372.286011 ) (160 2048 372.286011 ) 
4 142 180 (192 2048 672 ) (160 2048 672 ) (160 2048 372.286011 ) (192 2048 372.286011 ) 
4 142 177 (1024 2048 372.286011 ) (1024 2048 672 ) (192 2048 672 ) (192 2048 372.286011 ) 
4 142 155 (160 2048 372.286011 ) (96 2048 372.286011 ) (96 2267.199951 372.286011 ) (160 2267.199951 372.286011 ) 
4 142 153 (576 2267.199951 372.286011 ) (784 2267.199951 372.286011 ) (784 2241.600098 372.286011 ) (576 2241.600098 372.286011 ) 
4 142 154 (1024 2048 372.286011 ) (192 2048 372.286011 ) (192 2241.600098 372.286011 ) (1024 2241.600098 372.286011 ) 
4 142 152 (96 2267.199951 372.286011 ) (96 3072 372.286011 ) (144 3072 372.286011 ) (144 2267.199951 372.286011 ) 
4 142 151 (160 2267.199951 372.286011 ) (144 2267.199951 372.286011 ) (144 2280 372.286011 ) (160 2280 372.286011 ) 
4 142 149 (784 2797.677979 372.286011 ) (784 2267.199951 372.286011 ) (576 2267.199951 372.286011 ) (747.849182 2767.124756 372.286011 ) 
4 142 148 (1024 3000.516602 372.286011 ) (1024 2802.835693 372.286011 ) (972.062927 2759.810059 372.286011 ) (850.403076 2853.799316 372.286011 ) 
4 142 147 (1024 2802.835693 372.286011 ) (1024 2795.097168 372.286011 ) (977.407104 2755.681396 372.286011 ) (972.062927 2759.810059 372.286011 ) 
3 142 144 (887 2679.199951 372.286011 ) (917.659912 2801.839600 372.286011 ) (977.407166 2755.681396 372.286011 ) 
4 142 143 (784 2267.199951 372.286011 ) (784 2797.677979 372.286011 ) (850.403076 2853.799316 372.286011 ) (917.659912 2801.839600 372.286011 ) 
4 143 149 (784 2267.199951 242 ) (784 2267.199951 372.286011 ) (784 2797.677979 372.286011 ) (784 2797.677979 242 ) 
4 143 148 (850.400391 2853.802734 242 ) (850.400391 2853.802734 372.286011 ) (917.660217 2801.840820 372.286011 ) (917.660217 2801.840820 242 ) 
4 143 145 (849.628723 2853.139648 242 ) (850.406250 2853.796875 242 ) (917.659851 2801.839600 242 ) (917.396057 2800.784424 242 ) 
4 143 144 (887 2679.200195 242 ) (917.660156 2801.839844 242 ) (917.660156 2801.839844 372.286011 ) (887 2679.200195 372.286011 ) 
4 144 148 (917.660217 2801.840820 372.286011 ) (972.063782 2759.810791 372.286011 ) (972.063782 2759.810791 242 ) (917.660217 2801.840820 242 ) 
4 144 147 (972.063782 2759.810791 372.286011 ) (977.408081 2755.682129 372.286011 ) (977.408081 2755.682129 242 ) (972.063782 2759.810791 242 ) 
4 144 146 (917.396057 2800.784424 242 ) (917.659851 2801.839600 242 ) (977.407104 2755.681396 242 ) (976.628845 2755.022949 242 ) 
4 145 146 (917.659180 2801.835938 33 ) (917.659180 2801.835938 242 ) (917.396301 2800.784424 242 ) (917.396240 2800.784180 33 ) 
4 146 147 (972.063782 2759.810791 242 ) (977.408081 2755.682129 242 ) (977.408081 2755.682129 33 ) (972.063782 2759.810791 33 ) 
4 147 148 (972.064453 2759.808594 241.998123 ) (972.064453 2759.808594 372.286011 ) (1024 2802.833008 372.286011 ) (1024 2802.833008 229.753876 ) 
4 149 153 (784 2267.199951 242 ) (784 2267.199951 372.286011 ) (576 2267.199951 372.286011 ) (576 2267.199951 242 ) 
3 149 150 (576.001587 2267.199951 242 ) (580 2278.831543 242 ) (580 2267.199951 242 ) 
4 150 156 (580 2267.199951 33 ) (580 2267.199951 50 ) (576 2267.199951 50 ) (576 2267.199951 33 ) 
4 151 157 (160 2267.199951 33 ) (160 2267.199951 242 ) (144 2267.199951 242 ) (144 2267.199951 33 ) 
4 151 155 (160 2267.199951 242 ) (160 2267.199951 372.286011 ) (144 2267.199951 372.286011 ) (144 2267.199951 242 ) 
4 151 152 (144 2267.199951 33 ) (144 2267.199951 372.286011 ) (144 2280 372.286011 ) (144 2280 33 ) 
4 152 157 (144 2267.199951 33 ) (144 2267.199951 242 ) (96 2267.199951 242 ) (96 2267.199951 33 ) 
4 152 155 (144 2267.199951 242 ) (144 2267.199951 372.286011 ) (96 2267.199951 372.286011 ) (96 2267.199951 242 ) 
4 153 154 (576 2241.600098 242 ) (784 2241.600098 242 ) (784 2241.600098 372.286011 ) (576 2241.600098 372.286011 ) 
4 154 177 (1024 2048 242 ) (1024 2048 372.286011 ) (192 2048 372.286011 ) (192 2048 242 ) 
4 155 182 (160 2048 372.286011 ) (96 2048 372.286011 ) (96 2048 242 ) (160 2048 242 ) 
4 155 157 (160 2048 242 ) (96 2048 242 ) (96 2267.199951 242 ) (160 2267.199951 242 ) 
4 156 183 (1024 2048 33 ) (1024 2048 50 ) (160 2048 50 ) (160 2048 33 ) 
4 156 157 (160 2267.199951 33 ) (160 2048 33 ) (160 2048 50 ) (160 2267.199951 50 ) 
4 157 185 (160 2048 242 ) (96 2048 242 ) (96 2048 33 ) (160 2048 33 ) 
4 158 175 (3072 1024 630.130005 ) (3072 1024 672 ) (3012 1024 672 ) (3012 1024 630.130005 ) 
4 158 160 (3072 1189 630.130005 ) (3072 1024 630.130005 ) (3012 1024 630.130005 ) (3012 1189 630.130005 ) 
4 158 159 (3012 1189 630.130005 ) (3012 1024 630.130005 ) (3012 1024 672 ) (3012 1189 672 ) 
4 159 175 (3012 1024 672 ) (2048 1024 672 ) (2048 1024 630.130005 ) (3012 1024 630.130005 ) 
4 159 166 (2048 2048 672 ) (2048 2048 630.130005 ) (2048 1024 630.130005 ) (2048 1024 672 ) 
4 159 161 (2048 1024 630.130005 ) (2048 2048 630.130005 ) (3012 2048 630.130005 ) (3012 1024 630.130005 ) 
4 160 175 (3072 1024 293 ) (3072 1024 630.130005 ) (3012 1024 630.130005 ) (3012 1024 293 ) 
4 160 162 (3072 1024 293 ) (3012 1024 293 ) (3012 1189 293 ) (3072 1189 293 ) 
4 160 161 (3012 1189 293 ) (3012 1024 293 ) (3012 1024 630.130005 ) (3012 1189 630.130005 ) 
4 161 175 (3012 1024 630.130005 ) (2048 1024 630.130005 ) (2048 1024 293 ) (3012 1024 293 ) 
4 161 167 (2048 2048 372.286011 ) (2048 2048 293 ) (2048 1024 293 ) (2048 1024 372.286011 ) 
4 161 166 (2048 2048 630.130005 ) (2048 2048 372.286011 ) (2048 1024 372.286011 ) (2048 1024 630.130005 ) 
4 161 163 (3012 1024 293 ) (2048 1024 293 ) (2048 2048 293 ) (3012 2048 293 ) 
4 162 175 (3072 1024 225 ) (3072 1024 293 ) (3012 1024 293 ) (3012 1024 225 ) 
4 162 164 (3072 1024 225 ) (3012 1024 225 ) (3012 1189 225 ) (3072 1189 225 ) 
4 162 163 (3012 1189 225 ) (3012 1024 225 ) (3012 1024 293 ) (3012 1189 293 ) 
4 163 175 (3012 1024 293 ) (2048 1024 293 ) (2048 1024 225 ) (3012 1024 225 ) 
4 163 171 (2048 2048 242 ) (2048 2048 225 ) (2048 1024 225 ) (2048 1024 242 ) 
4 163 167 (2048 2048 293 ) (2048 2048 242 ) (2048 1024 242 ) (2048 1024 293 ) 
4 163 165 (3012 1024 225 ) (2048 1024 225 ) (2048 2048 225 ) (3012 2048 225 ) 
4 164 175 (3072 1024 33 ) (3072 1024 225 ) (3012 1024 225 ) (3012 1024 33 ) 
4 164 165 (3012 1189 33 ) (3012 1024 33 ) (3012 1024 225 ) (3012 1189 225 ) 
4 165 175 (3012 1024 225 ) (2048 1024 225 ) (2048 1024 33 ) (3012 1024 33 ) 
4 165 171 (2048 2048 225 ) (2048 2048 33 ) (2048 1024 33 ) (2048 1024 225 ) 
4 166 178 (1024 1627.199951 372.286011 ) (1024 1601.599976 372.286011 ) (1024 1601.599976 672 ) (1024 1627.199951 672 ) 
4 166 177 (1024 2048 672 ) (1024 2048 372.286011 ) (1024 1627.199951 372.286011 ) (1024 1627.199951 672 ) 
4 166 179 (1024 1601.599976 372.286011 ) (1024 1024 372.286011 ) (1024 1024 672 ) (1024 1601.599976 672 ) 
4 166 176 (2048 1024 372.286011 ) (2048 1024 672 ) (1024 1024 672 ) (1024 1024 372.286011 ) 
4 166 169 (1024 1627.199951 372.286011 ) (1024 2048 372.286011 ) (1028 2048 372.286011 ) (1028 1627.199951 372.286011 ) 
4 166 170 (1028 1024 372.286011 ) (1024 1024 372.286011 ) (1024 1601.599976 372.286011 ) (1028 1601.599976 372.286011 ) 
4 166 168 (1060 1024 372.286011 ) (1028 1024 372.286011 ) (1028 1601.599976 372.286011 ) (1060 1601.599976 372.286011 ) 
4 166 167 (2048 1024 372.286011 ) (1060 1024 372.286011 ) (1060 2048 372.286011 ) (2048 2048 372.286011 ) 
4 167 176 (2048 1024 242 ) (2048 1024 372.286011 ) (1060 1024 372.286011 ) (1060 1024 242 ) 
4 167 172 (1060 2048 242 ) (1984 2048 242 ) (1984 1024 242 ) (1060 1024 242 ) 
4 167 171 (1984 2048 242 ) (2048 2048 242 ) (2048 1024 242 ) (1984 1024 242 ) 
4 167 168 (1060 1601.599976 242 ) (1060 1024 242 ) (1060 1024 372.286011 ) (1060 1601.599976 372.286011 ) 
4 168 176 (1060 1024 372.286011 ) (1028 1024 372.286011 ) (1028 1024 242 ) (1060 1024 242 ) 
4 168 174 (1060 1601.599976 242 ) (1060 1024 242 ) (1028 1024 242 ) (1028 1601.599976 242 ) 
4 168 170 (1028 1601.599976 242 ) (1028 1024 242 ) (1028 1024 372.286011 ) (1028 1601.599976 372.286011 ) 
4 169 177 (1024 2048 372.286011 ) (1024 2048 242 ) (1024 1627.199951 242 ) (1024 1627.199951 372.286011 ) 
4 170 179 (1024 1601.599976 242 ) (1024 1024 242 ) (1024 1024 372.286011 ) (1024 1601.599976 372.286011 ) 
4 170 176 (1028 1024 372.286011 ) (1024 1024 372.286011 ) (1024 1024 242 ) (1028 1024 242 ) 
4 170 174 (1028 1601.599976 242 ) (1028 1024 242 ) (1024 1024 242 ) (1024 1601.599976 242 ) 
4 171 176 (2048 1024 33 ) (2048 1024 242 ) (1984 1024 242 ) (1984 1024 33 ) 
4 171 172 (1984 1024 33 ) (1984 1024 242 ) (1984 2048 242 ) (1984 2048 33 ) 
4 172 176 (1984 1024 242 ) (1060 1024 242 ) (1060 1024 33 ) (1984 1024 33 ) 
4 172 173 (1060 2048 33 ) (1060 1601.599976 33 ) (1060 1601.599976 50 ) (1060 2048 50 ) 
4 172 174 (1060 1601.599976 33 ) (1060 1024 33 ) (1060 1024 242 ) (1060 1601.599976 242 ) 
4 173 183 (1024 2048 50 ) (1024 2048 33 ) (1024 1601.599976 33 ) (1024 1601.599976 50 ) 
4 173 174 (1024 1601.599976 33 ) (1060 1601.599976 33 ) (1060 1601.599976 50 ) (1024 1601.599976 50 ) 
4 174 184 (1024 1601.599976 33 ) (1024 1024 33 ) (1024 1024 242 ) (1024 1601.599976 242 ) 
4 174 176 (1060 1024 242 ) (1024 1024 242 ) (1024 1024 33 ) (1060 1024 33 ) 
4 175 176 (2048 96 672 ) (2048 1024 672 ) (2048 1024 33 ) (2048 96 33 ) 
4 176 187 (1024 96 672 ) (1024 1024 672 ) (1024 1024 33 ) (1024 96 33 ) 
4 177 180 (192 1627.199951 372.286011 ) (192 1627.199951 672 ) (192 2048 672 ) (192 2048 372.286011 ) 
4 177 178 (192 1627.199951 672 ) (192 1627.199951 372.286011 ) (1024 1627.199951 372.286011 ) (1024 1627.199951 672 ) 
4 178 180 (192 1601.599976 372.286011 ) (192 1601.599976 672 ) (192 1627.199951 672 ) (192 1627.199951 372.286011 ) 
4 178 179 (192 1601.599976 672 ) (192 1601.599976 372.286011 ) (1024 1601.599976 372.286011 ) (1024 1601.599976 672 ) 
4 179 187 (1024 1024 242 ) (1024 1024 672 ) (192 1024 672 ) (192 1024 242 ) 
4 179 184 (1024 1601.599976 242 ) (1024 1024 242 ) (192 1024 242 ) (192 1601.599976 242 ) 
4 179 181 (192 1601.599976 242 ) (192 1024 242 ) (192 1024 672 ) (192 1601.599976 672 ) 
4 180 182 (160 1601.599976 372.286011 ) (160 1601.599976 672 ) (160 2048 672 ) (160 2048 372.286011 ) 
4 180 181 (160 1601.599976 672 ) (160 1601.599976 372.286011 ) (192 1601.599976 372.286011 ) (192 1601.599976 672 ) 
4 181 187 (192 1024 672 ) (160 1024 672 ) (160 1024 242 ) (192 1024 242 ) 
4 181 184 (192 1601.599976 242 ) (192 1024 242 ) (160 1024 242 ) (160 1601.599976 242 ) 
4 181 182 (160 1601.599976 242 ) (160 1024 242 ) (160 1024 672 ) (160 1601.599976 672 ) 
4 182 187 (160 1024 672 ) (96 1024 672 ) (96 1024 242 ) (160 1024 242 ) 
4 182 185 (96 2048 242 ) (160 2048 242 ) (160 1024 242 ) (96 1024 242 ) 
4 183 186 (784 1920 33 ) (784 1840 33 ) (576 1840 33 ) (576 1920 33 ) 
4 183 185 (160 2048 33 ) (160 1601.599976 33 ) (160 1601.599976 50 ) (160 2048 50 ) 
4 183 184 (160 1601.599976 50 ) (160 1601.599976 33 ) (1024 1601.599976 33 ) (1024 1601.599976 50 ) 
4 184 187 (1024 1024 33 ) (1024 1024 242 ) (160 1024 242 ) (160 1024 33 ) 
4 184 185 (160 1601.599976 33 ) (160 1024 33 ) (160 1024 242 ) (160 1601.599976 242 ) 
4 185 187 (160 1024 242 ) (96 1024 242 ) (96 1024 33 ) (160 1024 33 ) 
